{"total": {"lines":{"total":648,"covered":626,"skipped":0,"pct":96.6},"statements":{"total":761,"covered":726,"skipped":0,"pct":95.4},"functions":{"total":149,"covered":143,"skipped":0,"pct":95.97},"branches":{"total":329,"covered":285,"skipped":0,"pct":86.62},"branchesTrue":{"total":0,"covered":0,"skipped":0,"pct":100}}
,"C:\\Users\\Zubair Hussain\\Desktop\\Time-Portal\\src\\components\\AddUserForm.tsx": {"lines":{"total":62,"covered":60,"skipped":0,"pct":96.77},"functions":{"total":12,"covered":11,"skipped":0,"pct":91.66},"statements":{"total":65,"covered":63,"skipped":0,"pct":96.92},"branches":{"total":37,"covered":31,"skipped":0,"pct":83.78}}
,"C:\\Users\\Zubair Hussain\\Desktop\\Time-Portal\\src\\components\\AdminReviewTable.tsx": {"lines":{"total":9,"covered":8,"skipped":0,"pct":88.88},"functions":{"total":4,"covered":4,"skipped":0,"pct":100},"statements":{"total":10,"covered":9,"skipped":0,"pct":90},"branches":{"total":4,"covered":4,"skipped":0,"pct":100}}
,"C:\\Users\\Zubair Hussain\\Desktop\\Time-Portal\\src\\components\\AwardBanner.tsx": {"lines":{"total":5,"covered":4,"skipped":0,"pct":80},"functions":{"total":1,"covered":1,"skipped":0,"pct":100},"statements":{"total":6,"covered":5,"skipped":0,"pct":83.33},"branches":{"total":1,"covered":1,"skipped":0,"pct":100}}
,"C:\\Users\\Zubair Hussain\\Desktop\\Time-Portal\\src\\components\\BinaryBackdrop.tsx": {"lines":{"total":15,"covered":14,"skipped":0,"pct":93.33},"functions":{"total":4,"covered":4,"skipped":0,"pct":100},"statements":{"total":18,"covered":17,"skipped":0,"pct":94.44},"branches":{"total":2,"covered":2,"skipped":0,"pct":100}}
,"C:\\Users\\Zubair Hussain\\Desktop\\Time-Portal\\src\\components\\CommandSearch.tsx": {"lines":{"total":12,"covered":11,"skipped":0,"pct":91.66},"functions":{"total":7,"covered":7,"skipped":0,"pct":100},"statements":{"total":14,"covered":13,"skipped":0,"pct":92.85},"branches":{"total":6,"covered":6,"skipped":0,"pct":100}}
,"C:\\Users\\Zubair Hussain\\Desktop\\Time-Portal\\src\\components\\LoginBackdrop.tsx": {"lines":{"total":17,"covered":16,"skipped":0,"pct":94.11},"functions":{"total":4,"covered":4,"skipped":0,"pct":100},"statements":{"total":20,"covered":19,"skipped":0,"pct":95},"branches":{"total":4,"covered":2,"skipped":0,"pct":50}}
,"C:\\Users\\Zubair Hussain\\Desktop\\Time-Portal\\src\\components\\MembersPanel.tsx": {"lines":{"total":15,"covered":14,"skipped":0,"pct":93.33},"functions":{"total":4,"covered":4,"skipped":0,"pct":100},"statements":{"total":16,"covered":15,"skipped":0,"pct":93.75},"branches":{"total":17,"covered":16,"skipped":0,"pct":94.11}}
,"C:\\Users\\Zubair Hussain\\Desktop\\Time-Portal\\src\\components\\Nav.tsx": {"lines":{"total":10,"covered":9,"skipped":0,"pct":90},"functions":{"total":2,"covered":2,"skipped":0,"pct":100},"statements":{"total":12,"covered":11,"skipped":0,"pct":91.66},"branches":{"total":2,"covered":2,"skipped":0,"pct":100}}
,"C:\\Users\\Zubair Hussain\\Desktop\\Time-Portal\\src\\components\\RequireAuth.tsx": {"lines":{"total":16,"covered":15,"skipped":0,"pct":93.75},"functions":{"total":2,"covered":2,"skipped":0,"pct":100},"statements":{"total":19,"covered":18,"skipped":0,"pct":94.73},"branches":{"total":12,"covered":12,"skipped":0,"pct":100}}
,"C:\\Users\\Zubair Hussain\\Desktop\\Time-Portal\\src\\components\\RetroComputer.tsx": {"lines":{"total":36,"covered":34,"skipped":0,"pct":94.44},"functions":{"total":7,"covered":6,"skipped":0,"pct":85.71},"statements":{"total":39,"covered":36,"skipped":0,"pct":92.3},"branches":{"total":4,"covered":3,"skipped":0,"pct":75}}
,"C:\\Users\\Zubair Hussain\\Desktop\\Time-Portal\\src\\components\\SignInForm.tsx": {"lines":{"total":26,"covered":24,"skipped":0,"pct":92.3},"functions":{"total":6,"covered":4,"skipped":0,"pct":66.66},"statements":{"total":28,"covered":25,"skipped":0,"pct":89.28},"branches":{"total":15,"covered":13,"skipped":0,"pct":86.66}}
,"C:\\Users\\Zubair Hussain\\Desktop\\Time-Portal\\src\\components\\StatusBadge.tsx": {"lines":{"total":4,"covered":3,"skipped":0,"pct":75},"functions":{"total":1,"covered":1,"skipped":0,"pct":100},"statements":{"total":5,"covered":4,"skipped":0,"pct":80},"branches":{"total":0,"covered":0,"skipped":0,"pct":100}}
,"C:\\Users\\Zubair Hussain\\Desktop\\Time-Portal\\src\\components\\StatusChips.tsx": {"lines":{"total":6,"covered":5,"skipped":0,"pct":83.33},"functions":{"total":3,"covered":3,"skipped":0,"pct":100},"statements":{"total":7,"covered":6,"skipped":0,"pct":85.71},"branches":{"total":2,"covered":2,"skipped":0,"pct":100}}
,"C:\\Users\\Zubair Hussain\\Desktop\\Time-Portal\\src\\components\\TimerCard.tsx": {"lines":{"total":19,"covered":18,"skipped":0,"pct":94.73},"functions":{"total":7,"covered":7,"skipped":0,"pct":100},"statements":{"total":22,"covered":21,"skipped":0,"pct":95.45},"branches":{"total":9,"covered":9,"skipped":0,"pct":100}}
,"C:\\Users\\Zubair Hussain\\Desktop\\Time-Portal\\src\\components\\WeeklyInsightsChart.tsx": {"lines":{"total":7,"covered":6,"skipped":0,"pct":85.71},"functions":{"total":2,"covered":2,"skipped":0,"pct":100},"statements":{"total":9,"covered":8,"skipped":0,"pct":88.88},"branches":{"total":1,"covered":1,"skipped":0,"pct":100}}
,"C:\\Users\\Zubair Hussain\\Desktop\\Time-Portal\\src\\components\\ZHLogo.tsx": {"lines":{"total":10,"covered":9,"skipped":0,"pct":90},"functions":{"total":1,"covered":1,"skipped":0,"pct":100},"statements":{"total":12,"covered":10,"skipped":0,"pct":83.33},"branches":{"total":10,"covered":10,"skipped":0,"pct":100}}
,"C:\\Users\\Zubair Hussain\\Desktop\\Time-Portal\\src\\context\\AuthContext.tsx": {"lines":{"total":44,"covered":44,"skipped":0,"pct":100},"functions":{"total":9,"covered":9,"skipped":0,"pct":100},"statements":{"total":47,"covered":45,"skipped":0,"pct":95.74},"branches":{"total":8,"covered":5,"skipped":0,"pct":62.5}}
,"C:\\Users\\Zubair Hussain\\Desktop\\Time-Portal\\src\\lib\\adminFilter.ts": {"lines":{"total":22,"covered":22,"skipped":0,"pct":100},"functions":{"total":6,"covered":6,"skipped":0,"pct":100},"statements":{"total":29,"covered":29,"skipped":0,"pct":100},"branches":{"total":12,"covered":12,"skipped":0,"pct":100}}
,"C:\\Users\\Zubair Hussain\\Desktop\\Time-Portal\\src\\lib\\auth.ts": {"lines":{"total":41,"covered":41,"skipped":0,"pct":100},"functions":{"total":9,"covered":9,"skipped":0,"pct":100},"statements":{"total":48,"covered":48,"skipped":0,"pct":100},"branches":{"total":34,"covered":29,"skipped":0,"pct":85.29}}
,"C:\\Users\\Zubair Hussain\\Desktop\\Time-Portal\\src\\lib\\awards.ts": {"lines":{"total":31,"covered":31,"skipped":0,"pct":100},"functions":{"total":6,"covered":6,"skipped":0,"pct":100},"statements":{"total":40,"covered":36,"skipped":0,"pct":90},"branches":{"total":24,"covered":18,"skipped":0,"pct":75}}
,"C:\\Users\\Zubair Hussain\\Desktop\\Time-Portal\\src\\lib\\date.ts": {"lines":{"total":15,"covered":15,"skipped":0,"pct":100},"functions":{"total":3,"covered":3,"skipped":0,"pct":100},"statements":{"total":16,"covered":16,"skipped":0,"pct":100},"branches":{"total":4,"covered":3,"skipped":0,"pct":75}}
,"C:\\Users\\Zubair Hussain\\Desktop\\Time-Portal\\src\\lib\\emailCheck.ts": {"lines":{"total":74,"covered":73,"skipped":0,"pct":98.64},"functions":{"total":17,"covered":15,"skipped":0,"pct":88.23},"statements":{"total":98,"covered":96,"skipped":0,"pct":97.95},"branches":{"total":47,"covered":39,"skipped":0,"pct":82.97}}
,"C:\\Users\\Zubair Hussain\\Desktop\\Time-Portal\\src\\lib\\entries.ts": {"lines":{"total":35,"covered":35,"skipped":0,"pct":100},"functions":{"total":6,"covered":6,"skipped":0,"pct":100},"statements":{"total":41,"covered":40,"skipped":0,"pct":97.56},"branches":{"total":13,"covered":12,"skipped":0,"pct":92.3}}
,"C:\\Users\\Zubair Hussain\\Desktop\\Time-Portal\\src\\lib\\insights.ts": {"lines":{"total":27,"covered":27,"skipped":0,"pct":100},"functions":{"total":6,"covered":6,"skipped":0,"pct":100},"statements":{"total":32,"covered":32,"skipped":0,"pct":100},"branches":{"total":10,"covered":8,"skipped":0,"pct":80}}
,"C:\\Users\\Zubair Hussain\\Desktop\\Time-Portal\\src\\lib\\jwt.ts": {"lines":{"total":24,"covered":23,"skipped":0,"pct":95.83},"functions":{"total":6,"covered":6,"skipped":0,"pct":100},"statements":{"total":27,"covered":26,"skipped":0,"pct":96.29},"branches":{"total":25,"covered":23,"skipped":0,"pct":92}}
,"C:\\Users\\Zubair Hussain\\Desktop\\Time-Portal\\src\\lib\\routes.ts": {"lines":{"total":1,"covered":1,"skipped":0,"pct":100},"functions":{"total":0,"covered":0,"skipped":0,"pct":100},"statements":{"total":2,"covered":2,"skipped":0,"pct":100},"branches":{"total":0,"covered":0,"skipped":0,"pct":100}}
,"C:\\Users\\Zubair Hussain\\Desktop\\Time-Portal\\src\\lib\\site.ts": {"lines":{"total":1,"covered":0,"skipped":0,"pct":0},"functions":{"total":0,"covered":0,"skipped":0,"pct":100},"statements":{"total":2,"covered":0,"skipped":0,"pct":0},"branches":{"total":2,"covered":0,"skipped":0,"pct":0}}
,"C:\\Users\\Zubair Hussain\\Desktop\\Time-Portal\\src\\lib\\supabaseClient.ts": {"lines":{"total":12,"covered":12,"skipped":0,"pct":100},"functions":{"total":2,"covered":2,"skipped":0,"pct":100},"statements":{"total":13,"covered":13,"skipped":0,"pct":100},"branches":{"total":4,"covered":4,"skipped":0,"pct":100}}
,"C:\\Users\\Zubair Hussain\\Desktop\\Time-Portal\\src\\lib\\time.ts": {"lines":{"total":25,"covered":25,"skipped":0,"pct":100},"functions":{"total":6,"covered":6,"skipped":0,"pct":100},"statements":{"total":31,"covered":31,"skipped":0,"pct":100},"branches":{"total":9,"covered":9,"skipped":0,"pct":100}}
,"C:\\Users\\Zubair Hussain\\Desktop\\Time-Portal\\src\\lib\\userSql.ts": {"lines":{"total":14,"covered":14,"skipped":0,"pct":100},"functions":{"total":3,"covered":3,"skipped":0,"pct":100},"statements":{"total":15,"covered":15,"skipped":0,"pct":100},"branches":{"total":3,"covered":2,"skipped":0,"pct":66.66}}
,"C:\\Users\\Zubair Hussain\\Desktop\\Time-Portal\\src\\lib\\validation.ts": {"lines":{"total":13,"covered":13,"skipped":0,"pct":100},"functions":{"total":3,"covered":3,"skipped":0,"pct":100},"statements":{"total":18,"covered":17,"skipped":0,"pct":94.44},"branches":{"total":8,"covered":7,"skipped":0,"pct":87.5}}
}
