TN:
SF:src\components\AddUserForm.tsx
FN:29,AddUserForm
FN:35,(anonymous_7)
FN:46,(anonymous_8)
FN:57,(anonymous_9)
FN:115,(anonymous_10)
FN:119,(anonymous_11)
FN:146,(anonymous_12)
FN:166,(anonymous_13)
FN:177,(anonymous_14)
FN:193,(anonymous_15)
FN:195,(anonymous_16)
FN:204,(anonymous_17)
FNF:12
FNH:11
FNDA:235,AddUserForm
FNDA:13,(anonymous_7)
FNDA:20,(anonymous_8)
FNDA:9,(anonymous_9)
FNDA:169,(anonymous_10)
FNDA:12,(anonymous_11)
FNDA:1,(anonymous_12)
FNDA:10,(anonymous_13)
FNDA:1,(anonymous_14)
FNDA:6,(anonymous_15)
FNDA:0,(anonymous_16)
FNDA:1,(anonymous_17)
DA:3,1
DA:5,1
DA:6,1
DA:29,0
DA:30,235
DA:31,235
DA:32,235
DA:33,235
DA:34,235
DA:35,235
DA:36,235
DA:37,235
DA:38,235
DA:39,235
DA:46,235
DA:47,20
DA:48,20
DA:49,20
DA:50,20
DA:51,20
DA:53,20
DA:57,235
DA:58,9
DA:59,9
DA:60,9
DA:61,9
DA:62,1
DA:63,1
DA:65,8
DA:66,8
DA:67,8
DA:68,8
DA:69,1
DA:70,1
DA:72,7
DA:73,7
DA:75,5
DA:77,5
DA:78,2
DA:79,2
DA:80,1
DA:82,1
DA:83,1
DA:86,5
DA:87,5
DA:88,5
DA:89,5
DA:90,5
DA:91,5
DA:93,2
DA:95,8
DA:116,169
DA:117,169
DA:120,12
DA:147,1
DA:148,1
DA:166,10
DA:177,1
DA:193,6
DA:195,0
DA:204,1
DA:253,13
LF:62
LH:60
BRDA:29,0,0,0
BRDA:61,1,0,1
BRDA:68,2,0,1
BRDA:69,3,0,1
BRDA:69,3,1,0
BRDA:77,4,0,2
BRDA:77,5,0,5
BRDA:77,5,1,4
BRDA:83,6,0,1
BRDA:83,6,1,0
BRDA:93,7,0,2
BRDA:93,7,1,0
BRDA:120,8,0,12
BRDA:126,9,0,235
BRDA:127,10,0,235
BRDA:127,10,1,214
BRDA:127,10,2,27
BRDA:130,11,0,235
BRDA:130,11,1,214
BRDA:130,11,2,27
BRDA:133,12,0,235
BRDA:133,12,1,214
BRDA:136,13,0,235
BRDA:136,13,1,214
BRDA:137,14,0,1
BRDA:137,14,1,0
BRDA:139,15,0,235
BRDA:139,15,1,214
BRDA:147,16,0,1
BRDA:147,16,1,0
BRDA:215,17,0,235
BRDA:221,18,0,235
BRDA:229,19,0,5
BRDA:234,20,0,5
BRDA:240,21,0,5
BRDA:247,22,0,8
BRDA:247,22,1,227
BRF:37
BRH:31
end_of_record
TN:
SF:src\components\AdminReviewTable.tsx
FN:15,AdminReviewTable
FN:32,(anonymous_5)
FN:45,(anonymous_6)
FN:53,(anonymous_7)
FNF:4
FNH:4
FNDA:5,AdminReviewTable
FNDA:4,(anonymous_5)
FNDA:1,(anonymous_6)
FNDA:1,(anonymous_7)
DA:3,1
DA:5,1
DA:6,1
DA:15,0
DA:16,5
DA:33,4
DA:45,1
DA:53,1
DA:68,5
LF:9
LH:8
BRDA:16,0,0,1
BRDA:34,1,0,1
BRDA:34,1,1,3
BRDA:37,2,0,4
BRF:4
BRH:4
end_of_record
TN:
SF:src\components\AwardBanner.tsx
FN:5,AwardBanner
FNF:1
FNH:1
FNDA:3,AwardBanner
DA:1,1
DA:3,1
DA:5,0
DA:6,3
DA:34,3
LF:5
LH:4
BRDA:6,0,0,1
BRF:1
BRH:1
end_of_record
TN:
SF:src\components\BinaryBackdrop.tsx
FN:10,row
FN:22,BinaryBackdrop
FN:23,(anonymous_6)
FN:36,(anonymous_7)
FNF:4
FNH:4
FNDA:136,row
FNDA:4,BinaryBackdrop
FNDA:136,(anonymous_6)
FNDA:136,(anonymous_7)
DA:1,1
DA:7,1
DA:8,1
DA:11,136
DA:12,136
DA:13,136
DA:14,13056
DA:15,13056
DA:16,13056
DA:17,13056
DA:19,136
DA:22,0
DA:23,136
DA:37,136
DA:46,4
LF:15
LH:14
BRDA:17,0,0,6632
BRDA:17,0,1,6424
BRF:2
BRH:2
end_of_record
TN:
SF:src\components\CommandSearch.tsx
FN:14,CommandSearch
FN:37,(anonymous_7)
FN:38,(anonymous_8)
FN:39,(anonymous_9)
FN:42,(anonymous_10)
FN:50,(anonymous_11)
FN:53,(anonymous_12)
FNF:7
FNH:7
FNDA:11,CommandSearch
FNDA:1,(anonymous_7)
FNDA:3,(anonymous_8)
FNDA:1,(anonymous_9)
FNDA:1,(anonymous_10)
FNDA:5,(anonymous_11)
FNDA:1,(anonymous_12)
DA:3,1
DA:14,0
DA:15,11
DA:16,11
DA:17,11
DA:37,1
DA:38,3
DA:39,1
DA:42,1
DA:51,5
DA:53,1
DA:64,7
LF:12
LH:11
BRDA:14,0,0,5
BRDA:14,1,0,11
BRDA:17,2,0,11
BRDA:17,2,1,4
BRDA:41,3,0,11
BRDA:48,4,0,11
BRF:6
BRH:6
end_of_record
TN:
SF:src\components\LoginBackdrop.tsx
FN:12,LoginBackdrop
FN:15,(anonymous_7)
FN:20,(anonymous_8)
FN:25,(anonymous_9)
FNF:4
FNH:4
FNDA:5,LoginBackdrop
FNDA:5,(anonymous_7)
FNDA:4,(anonymous_8)
FNDA:4,(anonymous_9)
DA:3,1
DA:4,1
DA:12,0
DA:13,5
DA:15,5
DA:18,5
DA:19,5
DA:20,4
DA:21,4
DA:22,4
DA:23,4
DA:25,4
DA:28,5
DA:29,5
DA:30,5
DA:31,5
DA:153,5
LF:17
LH:16
BRDA:18,0,0,5
BRDA:18,0,1,0
BRDA:19,1,0,1
BRDA:36,2,0,0
BRF:4
BRH:2
end_of_record
TN:
SF:src\components\MembersPanel.tsx
FN:15,MembersPanel
FN:19,(anonymous_7)
FN:44,(anonymous_8)
FN:61,(anonymous_9)
FNF:4
FNH:4
FNDA:11,MembersPanel
FNDA:2,(anonymous_7)
FNDA:18,(anonymous_8)
FNDA:2,(anonymous_9)
DA:3,1
DA:15,0
DA:16,11
DA:17,11
DA:19,11
DA:20,2
DA:21,2
DA:22,2
DA:23,2
DA:24,1
DA:26,1
DA:28,2
DA:45,18
DA:61,2
DA:82,7
LF:15
LH:14
BRDA:26,0,0,1
BRDA:26,0,1,0
BRDA:36,1,0,11
BRDA:41,2,0,11
BRDA:41,2,1,10
BRDA:47,3,0,18
BRDA:47,3,1,9
BRDA:51,4,0,9
BRDA:51,4,1,9
BRDA:53,5,0,9
BRDA:64,6,0,2
BRDA:64,6,1,7
BRDA:73,7,0,11
BRDA:74,8,0,1
BRDA:74,8,1,1
BRDA:74,9,0,1
BRDA:74,9,1,1
BRF:17
BRH:16
end_of_record
TN:
SF:src\components\Nav.tsx
FN:9,Nav
FN:34,(anonymous_5)
FNF:2
FNH:2
FNDA:3,Nav
FNDA:1,(anonymous_5)
DA:3,1
DA:4,1
DA:5,1
DA:6,1
DA:7,1
DA:9,0
DA:10,3
DA:11,3
DA:34,1
DA:42,3
LF:10
LH:9
BRDA:11,0,0,1
BRDA:28,1,0,2
BRF:2
BRH:2
end_of_record
TN:
SF:src\components\RequireAuth.tsx
FN:9,RequireAuth
FN:13,(anonymous_7)
FNF:2
FNH:2
FNDA:5,RequireAuth
FNDA:5,(anonymous_7)
DA:3,1
DA:4,1
DA:5,1
DA:6,1
DA:9,0
DA:10,5
DA:11,5
DA:13,5
DA:14,5
DA:15,4
DA:16,1
DA:17,3
DA:18,1
DA:22,5
DA:29,4
DA:33,5
LF:16
LH:15
BRDA:9,0,0,3
BRDA:14,1,0,1
BRDA:15,2,0,1
BRDA:15,2,1,3
BRDA:17,3,0,1
BRDA:17,4,0,3
BRDA:17,4,1,2
BRDA:22,5,0,1
BRDA:29,6,0,2
BRDA:29,7,0,4
BRDA:29,7,1,3
BRDA:29,7,2,2
BRF:12
BRH:12
end_of_record
TN:
SF:src\components\RetroComputer.tsx
FN:19,RetroComputer
FN:30,(anonymous_7)
FN:31,(anonymous_8)
FN:43,(anonymous_9)
FN:47,(anonymous_10)
FN:69,(anonymous_11)
FN:77,(anonymous_12)
FNF:7
FNH:6
FNDA:8,RetroComputer
FNDA:6,(anonymous_7)
FNDA:6,(anonymous_8)
FNDA:6,(anonymous_9)
FNDA:8,(anonymous_10)
FNDA:0,(anonymous_11)
FNDA:3,(anonymous_12)
DA:3,1
DA:4,1
DA:5,1
DA:19,0
DA:20,8
DA:21,8
DA:22,8
DA:23,8
DA:24,8
DA:25,8
DA:26,8
DA:27,8
DA:30,8
DA:31,6
DA:33,6
DA:35,6
DA:41,6
DA:43,6
DA:47,8
DA:48,8
DA:49,8
DA:50,5
DA:51,5
DA:52,5
DA:53,5
DA:56,3
DA:57,3
DA:59,3
DA:60,3
DA:61,3
DA:70,0
DA:74,3
DA:75,3
DA:77,3
DA:78,3
DA:215,8
LF:36
LH:34
BRDA:19,0,0,3
BRDA:19,1,0,7
BRDA:49,2,0,5
BRDA:70,3,0,0
BRF:4
BRH:3
end_of_record
TN:
SF:src\components\SignInForm.tsx
FN:52,SignInForm
FN:59,(anonymous_12)
FN:103,(anonymous_13)
FN:121,(anonymous_14)
FN:127,(anonymous_15)
FN:127,(anonymous_16)
FNF:6
FNH:4
FNDA:57,SignInForm
FNDA:4,(anonymous_12)
FNDA:27,(anonymous_13)
FNDA:16,(anonymous_14)
FNDA:0,(anonymous_15)
FNDA:0,(anonymous_16)
DA:3,1
DA:4,1
DA:5,1
DA:52,0
DA:53,57
DA:54,57
DA:55,57
DA:56,57
DA:57,57
DA:59,57
DA:60,4
DA:61,4
DA:62,4
DA:63,1
DA:64,1
DA:66,3
DA:67,1
DA:68,1
DA:70,2
DA:71,2
DA:72,2
DA:76,2
DA:103,27
DA:121,16
DA:127,0
DA:147,8
LF:26
LH:24
BRDA:28,0,0,57
BRDA:62,1,0,1
BRDA:66,2,0,1
BRDA:117,3,0,0
BRDA:117,3,1,57
BRDA:126,4,0,0
BRDA:126,4,1,57
BRDA:133,5,0,57
BRDA:133,5,1,55
BRDA:135,6,0,3
BRDA:135,6,1,1
BRDA:140,7,0,2
BRDA:140,7,1,55
BRDA:141,8,0,57
BRDA:141,8,1,55
BRF:15
BRH:13
end_of_record
TN:
SF:src\components\StatusBadge.tsx
FN:10,StatusBadge
FNF:1
FNH:1
FNDA:8,StatusBadge
DA:1,2
DA:4,2
DA:10,0
DA:14,8
LF:4
LH:3
BRF:0
BRH:0
end_of_record
TN:
SF:src\components\StatusChips.tsx
FN:18,StatusChips
FN:21,(anonymous_5)
FN:27,(anonymous_6)
FNF:3
FNH:3
FNDA:4,StatusChips
FNDA:16,(anonymous_5)
FNDA:1,(anonymous_6)
DA:1,1
DA:4,1
DA:18,0
DA:22,16
DA:27,1
DA:37,4
LF:6
LH:5
BRDA:25,0,0,4
BRDA:25,0,1,12
BRF:2
BRH:2
end_of_record
TN:
SF:src\components\TimerCard.tsx
FN:15,TimerCard
FN:19,(anonymous_7)
FN:25,(anonymous_8)
FN:28,(anonymous_9)
FN:56,(anonymous_10)
FN:63,(anonymous_11)
FN:69,(anonymous_12)
FNF:7
FNH:7
FNDA:16,TimerCard
FNDA:4,(anonymous_7)
FNDA:3,(anonymous_8)
FNDA:1,(anonymous_9)
FNDA:9,(anonymous_10)
FNDA:1,(anonymous_11)
FNDA:1,(anonymous_12)
DA:3,1
DA:4,1
DA:15,0
DA:16,16
DA:17,16
DA:19,16
DA:20,4
DA:21,3
DA:22,3
DA:24,1
DA:25,3
DA:26,1
DA:27,1
DA:28,1
DA:31,16
DA:56,9
DA:63,1
DA:69,1
DA:80,4
LF:19
LH:18
BRDA:20,0,0,3
BRDA:37,1,0,3
BRDA:37,1,1,13
BRDA:41,2,0,3
BRDA:41,2,1,13
BRDA:43,3,0,3
BRDA:43,3,1,13
BRDA:51,4,0,16
BRDA:63,5,0,3
BRF:9
BRH:9
end_of_record
TN:
SF:src\components\WeeklyInsightsChart.tsx
FN:13,WeeklyInsightsChart
FN:14,(anonymous_5)
FNF:2
FNH:2
FNDA:2,WeeklyInsightsChart
FNDA:1,(anonymous_5)
DA:3,1
DA:4,1
DA:6,1
DA:13,0
DA:14,2
DA:16,2
DA:45,2
LF:7
LH:6
BRDA:16,0,0,1
BRF:1
BRH:1
end_of_record
TN:
SF:src\components\ZHLogo.tsx
FN:24,ZHLogo
FNF:1
FNH:1
FNDA:65,ZHLogo
DA:1,4
DA:17,4
DA:18,4
DA:19,8
DA:20,4
DA:21,8
DA:22,4
DA:24,0
DA:25,65
DA:49,65
LF:10
LH:9
BRDA:24,0,0,4
BRDA:24,1,0,4
BRDA:24,2,0,65
BRDA:27,3,0,61
BRDA:27,3,1,4
BRDA:33,4,0,61
BRDA:33,4,1,4
BRDA:34,5,0,61
BRDA:34,5,1,4
BRDA:39,6,0,65
BRF:10
BRH:10
end_of_record
TN:
SF:src\context\AuthContext.tsx
FN:18,AuthProvider
FN:23,(anonymous_7)
FN:27,(anonymous_8)
FN:37,(anonymous_9)
FN:47,(anonymous_10)
FN:53,(anonymous_11)
FN:65,(anonymous_12)
FN:71,(anonymous_13)
FN:78,useAuth
FNF:9
FNH:9
FNDA:17,AuthProvider
FNDA:5,(anonymous_7)
FNDA:5,(anonymous_8)
FNDA:2,(anonymous_9)
FNDA:5,(anonymous_10)
FNDA:2,(anonymous_11)
FNDA:1,(anonymous_12)
FNDA:15,(anonymous_13)
FNDA:18,useAuth
DA:3,1
DA:5,1
DA:6,1
DA:16,1
DA:18,5
DA:19,17
DA:20,17
DA:21,17
DA:23,17
DA:24,5
DA:25,5
DA:27,5
DA:28,5
DA:29,5
DA:30,5
DA:31,1
DA:32,1
DA:34,5
DA:37,5
DA:38,2
DA:39,2
DA:40,1
DA:41,1
DA:43,1
DA:47,5
DA:48,5
DA:49,5
DA:53,17
DA:54,2
DA:55,2
DA:56,2
DA:57,1
DA:59,1
DA:60,1
DA:61,1
DA:65,17
DA:66,1
DA:67,1
DA:70,17
DA:71,15
DA:78,18
DA:79,18
DA:80,17
DA:81,15
LF:44
LH:44
BRDA:28,0,0,0
BRDA:30,1,0,1
BRDA:38,2,0,0
BRDA:39,3,0,1
BRDA:39,3,1,1
BRDA:59,4,0,1
BRDA:59,4,1,0
BRDA:80,5,0,2
BRF:8
BRH:5
end_of_record
TN:
SF:src\lib\adminFilter.ts
FN:14,filterEntries
FN:17,(anonymous_5)
FN:20,(anonymous_6)
FN:24,(anonymous_7)
FN:28,countByStatus
FN:35,suggest
FNF:6
FNH:6
FNDA:9,filterEntries
FNDA:4,(anonymous_5)
FNDA:36,(anonymous_6)
FNDA:30,(anonymous_7)
FNDA:2,countByStatus
FNDA:4,suggest
DA:14,9
DA:17,4
DA:19,9
DA:20,9
DA:21,36
DA:22,32
DA:23,26
DA:24,30
DA:28,2
DA:29,2
DA:30,4
DA:31,2
DA:35,4
DA:36,4
DA:37,4
DA:38,3
DA:39,3
DA:40,9
DA:41,18
DA:42,18
DA:43,18
DA:46,1
LF:22
LH:22
BRDA:17,0,0,1
BRDA:21,1,0,4
BRDA:21,2,0,36
BRDA:21,2,1,8
BRDA:22,3,0,6
BRDA:35,4,0,3
BRDA:37,5,0,1
BRDA:42,6,0,8
BRDA:42,7,0,18
BRDA:42,7,1,18
BRDA:42,7,2,9
BRDA:43,8,0,2
BRF:12
BRH:12
end_of_record
TN:
SF:src\lib\auth.ts
FN:20,toPortalUser
FN:36,signIn
FN:46,signOut
FN:52,getCurrentAccessToken
FN:60,isMissingFunction
FN:78,adminCreateUser
FN:100,sendConfirmationEmail
FN:116,adminListUsers
FN:123,(anonymous_16)
FNF:9
FNH:9
FNDA:3,toPortalUser
FNDA:3,signIn
FNDA:2,signOut
FNDA:2,getCurrentAccessToken
FNDA:4,isMissingFunction
FNDA:4,adminCreateUser
FNDA:2,sendConfirmationEmail
FNDA:4,adminListUsers
FNDA:2,(anonymous_16)
DA:2,1
DA:3,1
DA:20,2
DA:26,3
DA:27,3
DA:28,3
DA:36,3
DA:37,3
DA:38,3
DA:39,3
DA:40,2
DA:42,1
DA:43,1
DA:46,2
DA:47,2
DA:48,2
DA:49,2
DA:52,2
DA:53,2
DA:54,2
DA:55,2
DA:58,1
DA:61,4
DA:78,4
DA:79,4
DA:80,4
DA:87,4
DA:88,2
DA:89,1
DA:91,2
DA:100,2
DA:101,2
DA:102,2
DA:103,2
DA:116,4
DA:117,4
DA:118,4
DA:119,4
DA:120,2
DA:121,1
DA:123,2
LF:41
LH:41
BRDA:30,0,0,3
BRDA:30,0,1,0
BRDA:32,1,0,3
BRDA:32,1,1,1
BRDA:32,2,0,1
BRDA:32,2,1,0
BRDA:32,3,0,1
BRDA:32,3,1,0
BRDA:39,4,0,1
BRDA:40,5,0,1
BRDA:40,6,0,2
BRDA:40,6,1,1
BRDA:42,7,0,1
BRDA:42,7,1,0
BRDA:49,8,0,1
BRDA:55,9,0,2
BRDA:55,9,1,1
BRDA:61,10,0,4
BRDA:61,10,1,2
BRDA:87,11,0,2
BRDA:88,12,0,1
BRDA:103,13,0,1
BRDA:119,14,0,2
BRDA:120,15,0,1
BRDA:123,16,0,2
BRDA:123,16,1,1
BRDA:125,17,0,2
BRDA:125,17,1,0
BRDA:126,18,0,2
BRDA:126,18,1,1
BRDA:127,19,0,1
BRDA:127,19,1,1
BRDA:129,20,0,2
BRDA:129,20,1,1
BRF:34
BRH:29
end_of_record
TN:
SF:src\lib\awards.ts
FN:10,computeMonthlyAward
FN:37,(anonymous_4)
FN:47,monthlyLeaderboard
FN:62,(anonymous_6)
FN:63,(anonymous_7)
FN:71,(anonymous_8)
FNF:6
FNH:6
FNDA:5,computeMonthlyAward
FNDA:5,(anonymous_4)
FNDA:1,monthlyLeaderboard
FNDA:2,(anonymous_6)
FNDA:3,(anonymous_7)
FNDA:1,(anonymous_8)
DA:2,1
DA:3,1
DA:10,5
DA:15,5
DA:17,5
DA:18,8
DA:19,6
DA:20,6
DA:21,6
DA:23,5
DA:26,5
DA:27,5
DA:28,5
DA:29,4
DA:30,4
DA:31,4
DA:35,5
DA:37,5
DA:38,3
DA:47,1
DA:52,1
DA:53,1
DA:54,3
DA:55,3
DA:56,3
DA:57,3
DA:58,3
DA:61,1
DA:63,3
DA:64,2
DA:71,1
LF:31
LH:31
BRDA:18,0,0,2
BRDA:18,1,0,8
BRDA:18,1,1,6
BRDA:20,2,0,0
BRDA:21,3,0,1
BRDA:23,4,0,5
BRDA:23,4,1,4
BRDA:29,5,0,4
BRDA:35,6,0,2
BRDA:35,7,0,5
BRDA:35,7,1,3
BRDA:41,8,0,3
BRDA:41,8,1,1
BRDA:41,8,2,1
BRDA:54,9,0,0
BRDA:54,10,0,3
BRDA:54,10,1,3
BRDA:56,11,0,0
BRDA:57,12,0,0
BRDA:58,13,0,3
BRDA:58,13,1,2
BRDA:67,14,0,2
BRDA:67,14,1,0
BRDA:67,14,2,0
BRF:24
BRH:18
end_of_record
TN:
SF:src\lib\date.ts
FN:6,isoWeekKey
FN:18,monthKey
FN:25,weekdayIndex
FNF:3
FNH:3
FNDA:9,isoWeekKey
FNDA:11,monthKey
FNDA:9,weekdayIndex
DA:6,9
DA:7,9
DA:9,9
DA:11,9
DA:12,9
DA:13,9
DA:14,9
DA:18,11
DA:19,11
DA:20,11
DA:21,11
DA:25,9
DA:26,9
DA:27,9
DA:30,3
LF:15
LH:15
BRDA:9,0,0,0
BRDA:9,0,1,9
BRDA:27,1,0,1
BRDA:27,1,1,8
BRF:4
BRH:3
end_of_record
TN:
SF:src\lib\emailCheck.ts
FN:54,normalizeEmail
FN:59,validateEmailFormat
FN:61,(anonymous_11)
FN:77,(anonymous_12)
FN:84,domainOf
FN:88,isDisposableDomain
FN:93,editDistance
FN:94,(anonymous_16)
FN:108,suggestEmail
FN:112,(anonymous_18)
FN:123,dohQuery
FN:133,checkDomainDeliverable
FN:135,(anonymous_21)
FN:139,(anonymous_22)
FN:143,(anonymous_23)
FN:147,(anonymous_24)
FN:162,verifyEmail
FNF:17
FNH:15
FNDA:55,normalizeEmail
FNDA:30,validateEmailFormat
FNDA:17,(anonymous_11)
FNDA:33,(anonymous_12)
FNDA:15,domainOf
FNDA:7,isDisposableDomain
FNDA:41,editDistance
FNDA:432,(anonymous_16)
FNDA:9,suggestEmail
FNDA:38,(anonymous_18)
FNDA:13,dohQuery
FNDA:10,checkDomainDeliverable
FNDA:0,(anonymous_21)
FNDA:0,(anonymous_22)
FNDA:2,(anonymous_23)
FNDA:1,(anonymous_24)
FNDA:6,verifyEmail
DA:26,6
DA:27,6
DA:29,6
DA:41,6
DA:54,1
DA:55,55
DA:59,24
DA:60,30
DA:61,30
DA:63,30
DA:64,28
DA:66,27
DA:67,27
DA:69,23
DA:70,23
DA:72,23
DA:73,22
DA:75,19
DA:76,19
DA:77,33
DA:78,15
DA:79,15
DA:81,13
DA:84,1
DA:85,15
DA:88,2
DA:89,7
DA:93,3
DA:94,432
DA:95,41
DA:96,450
DA:97,450
DA:98,450
DA:99,4372
DA:100,4372
DA:101,4372
DA:104,41
DA:108,4
DA:109,9
DA:110,9
DA:111,9
DA:112,38
DA:113,6
DA:124,13
DA:125,11
DA:126,10
DA:133,7
DA:135,0
DA:138,10
DA:139,10
DA:140,10
DA:141,10
DA:142,7
DA:143,5
DA:145,3
DA:146,3
DA:147,2
DA:149,3
DA:151,10
DA:162,6
DA:163,6
DA:164,6
DA:166,5
DA:167,5
DA:168,5
DA:170,5
DA:171,1
DA:174,4
DA:176,3
DA:177,3
DA:178,1
DA:180,2
DA:181,1
DA:183,1
LF:74
LH:73
BRDA:55,0,0,54
BRDA:55,0,1,1
BRDA:63,1,0,2
BRDA:64,2,0,1
BRDA:67,3,0,4
BRDA:67,4,0,27
BRDA:67,4,1,24
BRDA:72,5,0,1
BRDA:73,6,0,3
BRDA:76,7,0,3
BRDA:77,8,0,1
BRDA:78,9,0,15
BRDA:78,9,1,0
BRDA:79,10,0,2
BRDA:85,11,0,15
BRDA:85,11,1,1
BRDA:96,12,0,450
BRDA:96,12,1,0
BRDA:99,13,0,4372
BRDA:99,13,1,0
BRDA:100,14,0,406
BRDA:100,14,1,3966
BRDA:100,15,0,3966
BRDA:100,15,1,0
BRDA:100,16,0,3966
BRDA:100,16,1,0
BRDA:104,17,0,41
BRDA:104,17,1,0
BRDA:111,18,0,3
BRDA:111,19,0,9
BRDA:111,19,1,8
BRDA:113,20,0,2
BRDA:113,20,1,4
BRDA:125,21,0,1
BRDA:135,22,0,0
BRDA:136,23,0,10
BRDA:142,24,0,2
BRDA:143,25,0,2
BRDA:146,26,0,1
BRDA:147,27,0,1
BRDA:147,27,1,1
BRDA:162,28,0,0
BRDA:164,29,0,1
BRDA:170,30,0,1
BRDA:174,31,0,1
BRDA:177,32,0,1
BRDA:180,33,0,1
BRF:47
BRH:39
end_of_record
TN:
SF:src\lib\entries.ts
FN:17,rowToEntry
FN:37,startEntry
FN:48,stopEntry
FN:64,listMyEntries
FN:75,listAllEntries
FN:83,reviewEntry
FNF:6
FNH:6
FNDA:8,rowToEntry
FNDA:2,startEntry
FNDA:2,stopEntry
FNDA:2,listMyEntries
FNDA:2,listAllEntries
FNDA:2,reviewEntry
DA:2,2
DA:3,2
DA:4,2
DA:17,3
DA:19,8
DA:24,8
DA:35,2
DA:37,2
DA:38,2
DA:39,2
DA:44,2
DA:45,1
DA:48,2
DA:49,2
DA:50,2
DA:51,2
DA:52,2
DA:53,1
DA:54,1
DA:60,1
DA:61,1
DA:64,2
DA:65,2
DA:66,2
DA:71,2
DA:72,1
DA:75,2
DA:77,2
DA:78,2
DA:79,2
DA:80,1
DA:83,2
DA:84,2
DA:85,2
DA:86,2
LF:35
LH:35
BRDA:19,0,0,6
BRDA:19,0,1,2
BRDA:21,1,0,1
BRDA:21,1,1,1
BRDA:30,2,0,8
BRDA:30,2,1,1
BRDA:37,3,0,1
BRDA:44,4,0,1
BRDA:52,5,0,1
BRDA:60,6,0,0
BRDA:71,7,0,1
BRDA:79,8,0,1
BRDA:86,9,0,1
BRF:13
BRH:12
end_of_record
TN:
SF:src\lib\insights.ts
FN:9,buildWeeklyInsights
FN:41,(anonymous_4)
FN:46,(anonymous_5)
FN:50,totalApprovedSeconds
FN:52,(anonymous_7)
FN:53,(anonymous_8)
FNF:6
FNH:6
FNDA:5,buildWeeklyInsights
FNDA:35,(anonymous_4)
FNDA:1,(anonymous_5)
FNDA:1,totalApprovedSeconds
FNDA:4,(anonymous_7)
FNDA:2,(anonymous_8)
DA:2,1
DA:3,1
DA:9,5
DA:10,5
DA:12,5
DA:13,10
DA:14,9
DA:16,8
DA:17,8
DA:19,7
DA:20,7
DA:22,7
DA:23,7
DA:24,5
DA:31,5
DA:34,7
DA:35,7
DA:36,7
DA:37,7
DA:40,5
DA:41,35
DA:42,5
DA:46,5
DA:50,1
DA:51,1
DA:52,4
DA:53,2
LF:27
LH:27
BRDA:13,0,0,1
BRDA:14,1,0,1
BRDA:17,2,0,1
BRDA:23,3,0,5
BRDA:37,4,0,7
BRDA:37,4,1,0
BRDA:42,5,0,5
BRDA:42,5,1,0
BRDA:52,6,0,4
BRDA:52,6,1,3
BRF:10
BRH:8
end_of_record
TN:
SF:src\lib\jwt.ts
FN:14,base64UrlDecode
FN:21,(anonymous_4)
FN:29,coerceRole
FN:38,inspectJwt
FN:39,(anonymous_7)
FN:78,isAdminToken
FNF:6
FNH:6
FNDA:10,base64UrlDecode
FNDA:378,(anonymous_4)
FNDA:8,coerceRole
FNDA:15,inspectJwt
FNDA:7,(anonymous_7)
FNDA:3,isAdminToken
DA:15,10
DA:16,10
DA:17,10
DA:18,10
DA:21,378
DA:26,0
DA:30,8
DA:38,12
DA:39,15
DA:48,15
DA:50,12
DA:51,12
DA:54,10
DA:55,10
DA:57,1
DA:60,9
DA:61,9
DA:62,1
DA:65,8
DA:66,8
DA:68,8
DA:78,3
DA:79,3
DA:80,3
LF:24
LH:23
BRDA:17,0,0,10
BRDA:30,1,0,3
BRDA:30,1,1,5
BRDA:38,2,0,7
BRDA:48,3,0,3
BRDA:48,4,0,15
BRDA:48,4,1,12
BRDA:51,5,0,2
BRDA:55,6,0,10
BRDA:55,6,1,0
BRDA:60,7,0,9
BRDA:60,7,1,0
BRDA:61,8,0,1
BRDA:61,9,0,9
BRDA:61,9,1,9
BRDA:65,10,0,8
BRDA:65,10,1,4
BRDA:66,11,0,8
BRDA:66,11,1,4
BRDA:71,12,0,5
BRDA:71,12,1,3
BRDA:72,13,0,1
BRDA:72,13,1,7
BRDA:80,14,0,3
BRDA:80,14,1,2
BRF:25
BRH:23
end_of_record
TN:
SF:src\lib\routes.ts
FNF:0
FNH:0
DA:12,6
LF:1
LH:1
BRF:0
BRH:0
end_of_record
TN:
SF:src\lib\site.ts
FNF:0
FNH:0
DA:6,0
LF:1
LH:0
BRDA:7,0,0,0
BRDA:7,0,1,0
BRF:2
BRH:0
end_of_record
TN:
SF:src\lib\supabaseClient.ts
FN:9,getSupabase
FN:32,__resetSupabaseForTests
FNF:2
FNH:2
FNDA:3,getSupabase
FNDA:2,__resetSupabaseForTests
DA:1,2
DA:7,2
DA:9,3
DA:10,3
DA:12,2
DA:13,2
DA:15,2
DA:16,1
DA:21,1
DA:28,1
DA:32,2
DA:33,2
LF:12
LH:12
BRDA:10,0,0,1
BRDA:15,1,0,1
BRDA:15,2,0,2
BRDA:15,2,1,1
BRF:4
BRH:4
end_of_record
TN:
SF:src\lib\time.ts
FN:6,normalizeSeconds
FN:12,durationBetween
FN:20,formatClock
FN:25,(anonymous_9)
FN:30,formatHuman
FN:41,toHours
FNF:6
FNH:6
FNDA:62,normalizeSeconds
FNDA:5,durationBetween
FNDA:18,formatClock
FNDA:36,(anonymous_9)
FNDA:10,formatHuman
FNDA:3,toHours
DA:6,27
DA:7,62
DA:8,58
DA:12,5
DA:13,5
DA:14,5
DA:15,5
DA:16,4
DA:20,18
DA:21,18
DA:22,18
DA:23,18
DA:24,18
DA:25,36
DA:26,18
DA:30,10
DA:31,10
DA:32,10
DA:33,9
DA:34,9
DA:35,9
DA:36,8
DA:37,1
DA:41,3
DA:42,3
LF:25
LH:25
BRDA:7,0,0,4
BRDA:7,1,0,62
BRDA:7,1,1,60
BRDA:15,2,0,1
BRDA:15,3,0,5
BRDA:15,3,1,4
BRDA:32,4,0,1
BRDA:35,5,0,1
BRDA:36,6,0,7
BRF:9
BRH:9
end_of_record
TN:
SF:src\lib\userSql.ts
FN:11,sqlEscape
FN:24,buildCreateUserSql
FN:91,generateTempPassword
FNF:3
FNH:3
FNDA:16,sqlEscape
FNDA:5,buildCreateUserSql
FNDA:19,generateTempPassword
DA:11,1
DA:12,16
DA:24,5
DA:25,5
DA:26,5
DA:27,5
DA:28,5
DA:30,5
DA:91,19
DA:92,19
DA:93,19
DA:94,19
DA:95,228
DA:98,19
LF:14
LH:14
BRDA:28,0,0,0
BRDA:28,0,1,5
BRDA:91,1,0,18
BRF:3
BRH:2
end_of_record
TN:
SF:src\lib\validation.ts
FN:6,isValidEmail
FN:15,checkPassword
FN:25,sanitizeNote
FNF:3
FNH:3
FNDA:8,isValidEmail
FNDA:2,checkPassword
FNDA:5,sanitizeNote
DA:1,4
DA:6,8
DA:7,8
DA:15,2
DA:16,2
DA:17,2
DA:18,2
DA:19,2
DA:20,2
DA:21,2
DA:25,5
DA:26,5
DA:27,4
LF:13
LH:13
BRDA:17,0,0,1
BRDA:17,1,0,2
BRDA:17,1,1,2
BRDA:18,2,0,1
BRDA:19,3,0,0
BRDA:20,4,0,1
BRDA:25,5,0,5
BRDA:26,6,0,1
BRF:8
BRH:7
end_of_record
